# JRE version: Java(TM) SE Runtime Environment (8.0_111-b14) (build 1.8.0_111-b14)
# Java VM: Java HotSpot(TM) 64-Bit Server VM (25.111-b14 mixed mode windows-amd64 compressed oops)
Heap:
 PSYoungGen      total 24576K, used 10052K [0x00000000d5e00000, 0x00000000d7700000, 0x0000000100000000)
  eden space 24064K, 41% used [0x00000000d5e00000,0x00000000d67b11e8,0x00000000d7580000)
  from space 512K, 25% used [0x00000000d7680000,0x00000000d76a0000,0x00000000d7700000)
  to   space 512K, 0% used [0x00000000d7600000,0x00000000d7600000,0x00000000d7680000)
 ParOldGen       total 87552K, used 38334K [0x0000000081a00000, 0x0000000086f80000, 0x00000000d5e00000)
  object space 87552K, 43% used [0x0000000081a00000,0x0000000083f6f930,0x0000000086f80000)
 Metaspace       used 18015K, capacity 18222K, committed 18688K, reserved 1067008K
  class space    used 1638K, capacity 1732K, committed 1792K, reserved 1048576K
GC Heap History (10 events):
Event: 13035.701 GC heap before
{Heap before GC invocations=3158 (full 0):
 PSYoungGen      total 24576K, used 24208K [0x00000000d5e00000, 0x00000000d7700000, 0x0000000100000000)
  eden space 24064K, 100% used [0x00000000d5e00000,0x00000000d7580000,0x00000000d7580000)
  from space 512K, 28% used [0x00000000d7600000,0x00000000d7624010,0x00000000d7680000)
  to   space 512K, 0% used [0x00000000d7680000,0x00000000d7680000,0x00000000d7700000)
 ParOldGen       total 87552K, used 38270K [0x0000000081a00000, 0x0000000086f80000, 0x00000000d5e00000)
  object space 87552K, 43% used [0x0000000081a00000,0x0000000083f5f900,0x0000000086f80000)
 Metaspace       used 18015K, capacity 18222K, committed 18688K, reserved 1067008K
  class space    used 1638K, capacity 1732K, committed 1792K, reserved 1048576K
Event: 13035.703 GC heap after
Heap after GC invocations=3158 (full 0):
 PSYoungGen      total 24576K, used 96K [0x00000000d5e00000, 0x00000000d7700000, 0x0000000100000000)
  eden space 24064K, 0% used [0x00000000d5e00000,0x00000000d5e00000,0x00000000d7580000)
  from space 512K, 18% used [0x00000000d7680000,0x00000000d7698000,0x00000000d7700000)
  to   space 512K, 0% used [0x00000000d7600000,0x00000000d7600000,0x00000000d7680000)
 ParOldGen       total 87552K, used 38270K [0x0000000081a00000, 0x0000000086f80000, 0x00000000d5e00000)
  object space 87552K, 43% used [0x0000000081a00000,0x0000000083f5f900,0x0000000086f80000)
 Metaspace       used 18015K, capacity 18222K, committed 18688K, reserved 1067008K
  class space    used 1638K, capacity 1732K, committed 1792K, reserved 1048576K
}
Event: 13037.162 GC heap before
{Heap before GC invocations=3159 (full 0):
 PSYoungGen      total 24576K, used 24160K [0x00000000d5e00000, 0x00000000d7700000, 0x0000000100000000)
  eden space 24064K, 100% used [0x00000000d5e00000,0x00000000d7580000,0x00000000d7580000)
  from space 512K, 18% used [0x00000000d7680000,0x00000000d7698000,0x00000000d7700000)
  to   space 512K, 0% used [0x00000000d7600000,0x00000000d7600000,0x00000000d7680000)
 ParOldGen       total 87552K, used 38270K [0x0000000081a00000, 0x0000000086f80000, 0x00000000d5e00000)
  object space 87552K, 43% used [0x0000000081a00000,0x0000000083f5f900,0x0000000086f80000)
 Metaspace       used 18015K, capacity 18222K, committed 18688K, reserved 1067008K
  class space    used 1638K, capacity 1732K, committed 1792K, reserved 1048576K
Event: 13037.164 GC heap after
Heap after GC invocations=3159 (full 0):
 PSYoungGen      total 24576K, used 96K [0x00000000d5e00000, 0x00000000d7700000, 0x0000000100000000)
  eden space 24064K, 0% used [0x00000000d5e00000,0x00000000d5e00000,0x00000000d7580000)
  from space 512K, 18% used [0x00000000d7600000,0x00000000d7618000,0x00000000d7680000)
  to   space 512K, 0% used [0x00000000d7680000,0x00000000d7680000,0x00000000d7700000)
 ParOldGen       total 87552K, used 38270K [0x0000000081a00000, 0x0000000086f80000, 0x00000000d5e00000)
  object space 87552K, 43% used [0x0000000081a00000,0x0000000083f5f900,0x0000000086f80000)
 Metaspace       used 18015K, capacity 18222K, committed 18688K, reserved 1067008K
  class space    used 1638K, capacity 1732K, committed 1792K, reserved 1048576K
}
Event: 13038.625 GC heap before
{Heap before GC invocations=3160 (full 0):
 PSYoungGen      total 24576K, used 24160K [0x00000000d5e00000, 0x00000000d7700000, 0x0000000100000000)
  eden space 24064K, 100% used [0x00000000d5e00000,0x00000000d7580000,0x00000000d7580000)
  from space 512K, 18% used [0x00000000d7600000,0x00000000d7618000,0x00000000d7680000)
  to   space 512K, 0% used [0x00000000d7680000,0x00000000d7680000,0x00000000d7700000)
 ParOldGen       total 87552K, used 38270K [0x0000000081a00000, 0x0000000086f80000, 0x00000000d5e00000)
  object space 87552K, 43% used [0x0000000081a00000,0x0000000083f5f900,0x0000000086f80000)
 Metaspace       used 18015K, capacity 18222K, committed 18688K, reserved 1067008K
  class space    used 1638K, capacity 1732K, committed 1792K, reserved 1048576K
Event: 13038.627 GC heap after
Heap after GC invocations=3160 (full 0):
 PSYoungGen      total 24576K, used 112K [0x00000000d5e00000, 0x00000000d7700000, 0x0000000100000000)
  eden space 24064K, 0% used [0x00000000d5e00000,0x00000000d5e00000,0x00000000d7580000)
  from space 512K, 21% used [0x00000000d7680000,0x00000000d769c010,0x00000000d7700000)
  to   space 512K, 0% used [0x00000000d7600000,0x00000000d7600000,0x00000000d7680000)
 ParOldGen       total 87552K, used 38270K [0x0000000081a00000, 0x0000000086f80000, 0x00000000d5e00000)
  object space 87552K, 43% used [0x0000000081a00000,0x0000000083f5f900,0x0000000086f80000)
 Metaspace       used 18015K, capacity 18222K, committed 18688K, reserved 1067008K
  class space    used 1638K, capacity 1732K, committed 1792K, reserved 1048576K
}
Event: 13040.266 GC heap before
{Heap before GC invocations=3161 (full 0):
 PSYoungGen      total 24576K, used 24176K [0x00000000d5e00000, 0x00000000d7700000, 0x0000000100000000)
  eden space 24064K, 100% used [0x00000000d5e00000,0x00000000d7580000,0x00000000d7580000)
  from space 512K, 21% used [0x00000000d7680000,0x00000000d769c010,0x00000000d7700000)
  to   space 512K, 0% used [0x00000000d7600000,0x00000000d7600000,0x00000000d7680000)
 ParOldGen       total 87552K, used 38270K [0x0000000081a00000, 0x0000000086f80000, 0x00000000d5e00000)
  object space 87552K, 43% used [0x0000000081a00000,0x0000000083f5f900,0x0000000086f80000)
 Metaspace       used 18015K, capacity 18222K, committed 18688K, reserved 1067008K
  class space    used 1638K, capacity 1732K, committed 1792K, reserved 1048576K
Event: 13040.267 GC heap after
Heap after GC invocations=3161 (full 0):
 PSYoungGen      total 24576K, used 192K [0x00000000d5e00000, 0x00000000d7700000, 0x0000000100000000)
  eden space 24064K, 0% used [0x00000000d5e00000,0x00000000d5e00000,0x00000000d7580000)
  from space 512K, 37% used [0x00000000d7600000,0x00000000d7630000,0x00000000d7680000)
  to   space 512K, 0% used [0x00000000d7680000,0x00000000d7680000,0x00000000d7700000)
 ParOldGen       total 87552K, used 38270K [0x0000000081a00000, 0x0000000086f80000, 0x00000000d5e00000)
  object space 87552K, 43% used [0x0000000081a00000,0x0000000083f5f900,0x0000000086f80000)
 Metaspace       used 18015K, capacity 18222K, committed 18688K, reserved 1067008K
  class space    used 1638K, capacity 1732K, committed 1792K, reserved 1048576K
}
Event: 13041.845 GC heap before
{Heap before GC invocations=3162 (full 0):
 PSYoungGen      total 24576K, used 24256K [0x00000000d5e00000, 0x00000000d7700000, 0x0000000100000000)
  eden space 24064K, 100% used [0x00000000d5e00000,0x00000000d7580000,0x00000000d7580000)
  from space 512K, 37% used [0x00000000d7600000,0x00000000d7630000,0x00000000d7680000)
  to   space 512K, 0% used [0x00000000d7680000,0x00000000d7680000,0x00000000d7700000)
 ParOldGen       total 87552K, used 38270K [0x0000000081a00000, 0x0000000086f80000, 0x00000000d5e00000)
  object space 87552K, 43% used [0x0000000081a00000,0x0000000083f5f900,0x0000000086f80000)
 Metaspace       used 18015K, capacity 18222K, committed 18688K, reserved 1067008K
  class space    used 1638K, capacity 1732K, committed 1792K, reserved 1048576K
Event: 13041.847 GC heap after
Heap after GC invocations=3162 (full 0):
 PSYoungGen      total 24576K, used 128K [0x00000000d5e00000, 0x00000000d7700000, 0x0000000100000000)
  eden space 24064K, 0% used [0x00000000d5e00000,0x00000000d5e00000,0x00000000d7580000)
  from space 512K, 25% used [0x00000000d7680000,0x00000000d76a0000,0x00000000d7700000)
  to   space 512K, 0% used [0x00000000d7600000,0x00000000d7600000,0x00000000d7680000)
 ParOldGen       total 87552K, used 38334K [0x0000000081a00000, 0x0000000086f80000, 0x00000000d5e00000)
  object space 87552K, 43% used [0x0000000081a00000,0x0000000083f6f930,0x0000000086f80000)
 Metaspace       used 18015K, capacity 18222K, committed 18688K, reserved 1067008K
  class space    used 1638K, capacity 1732K, committed 1792K, reserved 1048576K
}

